{"contracts/store/ExternalStorage.sol":{"l":{"33":0,"39":2,"45":0,"51":2,"57":2,"63":1,"69":1,"82":0,"83":0,"86":0,"87":0,"94":1,"95":0,"97":1,"98":1,"105":0,"106":0,"108":0,"109":0,"116":1,"117":0,"119":1,"120":1,"127":1,"128":0,"130":1,"131":1,"138":1,"139":1,"146":1,"147":1},"path":"/Users/aler/crypto/musereum/musereum-contracts/contracts/store/ExternalStorage.sol","s":{"1":0,"2":2,"3":0,"4":2,"5":2,"6":1,"7":1,"8":0,"9":0,"10":0,"11":0,"12":1,"13":0,"14":1,"15":1,"16":0,"17":0,"18":0,"19":0,"20":1,"21":0,"22":1,"23":1,"24":1,"25":0,"26":1,"27":1,"28":1,"29":1,"30":1,"31":1},"b":{"1":[0,0],"2":[0,1],"3":[0,0],"4":[0,1],"5":[0,1]},"f":{"1":0,"2":2,"3":0,"4":2,"5":2,"6":1,"7":1,"8":0,"9":1,"10":0,"11":1,"12":1,"13":1,"14":1},"fnMap":{"1":{"name":"getAddress","line":32,"loc":{"start":{"line":32,"column":4},"end":{"line":32,"column":69}}},"2":{"name":"getUint","line":38,"loc":{"start":{"line":38,"column":4},"end":{"line":38,"column":63}}},"3":{"name":"getBytes","line":44,"loc":{"start":{"line":44,"column":4},"end":{"line":44,"column":67}}},"4":{"name":"getBool","line":50,"loc":{"start":{"line":50,"column":4},"end":{"line":50,"column":63}}},"5":{"name":"getInt","line":56,"loc":{"start":{"line":56,"column":4},"end":{"line":56,"column":61}}},"6":{"name":"getString","line":62,"loc":{"start":{"line":62,"column":4},"end":{"line":62,"column":67}}},"7":{"name":"getBuffer","line":68,"loc":{"start":{"line":68,"column":4},"end":{"line":68,"column":66}}},"8":{"name":"setAddress","line":81,"loc":{"start":{"line":81,"column":4},"end":{"line":81,"column":83}}},"9":{"name":"setUint","line":93,"loc":{"start":{"line":93,"column":4},"end":{"line":93,"column":77}}},"10":{"name":"setBytes","line":104,"loc":{"start":{"line":104,"column":4},"end":{"line":104,"column":81}}},"11":{"name":"setBool","line":115,"loc":{"start":{"line":115,"column":4},"end":{"line":115,"column":77}}},"12":{"name":"setInt","line":126,"loc":{"start":{"line":126,"column":4},"end":{"line":126,"column":75}}},"13":{"name":"setString","line":137,"loc":{"start":{"line":137,"column":4},"end":{"line":137,"column":81}}},"14":{"name":"setBuffer","line":145,"loc":{"start":{"line":145,"column":4},"end":{"line":145,"column":80}}}},"statementMap":{"1":{"start":{"line":33,"column":8},"end":{"line":33,"column":35}},"2":{"start":{"line":39,"column":8},"end":{"line":39,"column":32}},"3":{"start":{"line":45,"column":8},"end":{"line":45,"column":33}},"4":{"start":{"line":51,"column":8},"end":{"line":51,"column":32}},"5":{"start":{"line":57,"column":8},"end":{"line":57,"column":31}},"6":{"start":{"line":63,"column":8},"end":{"line":63,"column":34}},"7":{"start":{"line":69,"column":8},"end":{"line":69,"column":34}},"8":{"start":{"line":82,"column":8},"end":{"line":82,"column":3917}},"9":{"start":{"line":83,"column":12},"end":{"line":83,"column":24}},"10":{"start":{"line":86,"column":8},"end":{"line":86,"column":36}},"11":{"start":{"line":87,"column":8},"end":{"line":87,"column":19}},"12":{"start":{"line":94,"column":8},"end":{"line":94,"column":4281}},"13":{"start":{"line":95,"column":12},"end":{"line":95,"column":24}},"14":{"start":{"line":97,"column":8},"end":{"line":97,"column":33}},"15":{"start":{"line":98,"column":8},"end":{"line":98,"column":19}},"16":{"start":{"line":105,"column":8},"end":{"line":105,"column":4642}},"17":{"start":{"line":106,"column":12},"end":{"line":106,"column":24}},"18":{"start":{"line":108,"column":8},"end":{"line":108,"column":34}},"19":{"start":{"line":109,"column":8},"end":{"line":109,"column":19}},"20":{"start":{"line":116,"column":8},"end":{"line":116,"column":5001}},"21":{"start":{"line":117,"column":12},"end":{"line":117,"column":24}},"22":{"start":{"line":119,"column":8},"end":{"line":119,"column":33}},"23":{"start":{"line":120,"column":8},"end":{"line":120,"column":19}},"24":{"start":{"line":127,"column":8},"end":{"line":127,"column":5356}},"25":{"start":{"line":128,"column":12},"end":{"line":128,"column":24}},"26":{"start":{"line":130,"column":8},"end":{"line":130,"column":32}},"27":{"start":{"line":131,"column":8},"end":{"line":131,"column":19}},"28":{"start":{"line":138,"column":8},"end":{"line":138,"column":35}},"29":{"start":{"line":139,"column":8},"end":{"line":139,"column":19}},"30":{"start":{"line":146,"column":8},"end":{"line":146,"column":35}},"31":{"start":{"line":147,"column":8},"end":{"line":147,"column":19}}},"branchMap":{"1":{"line":82,"type":"if","locations":[{"start":{"line":82,"column":8},"end":{"line":82,"column":8}},{"start":{"line":82,"column":8},"end":{"line":82,"column":8}}]},"2":{"line":94,"type":"if","locations":[{"start":{"line":94,"column":8},"end":{"line":94,"column":8}},{"start":{"line":94,"column":8},"end":{"line":94,"column":8}}]},"3":{"line":105,"type":"if","locations":[{"start":{"line":105,"column":8},"end":{"line":105,"column":8}},{"start":{"line":105,"column":8},"end":{"line":105,"column":8}}]},"4":{"line":116,"type":"if","locations":[{"start":{"line":116,"column":8},"end":{"line":116,"column":8}},{"start":{"line":116,"column":8},"end":{"line":116,"column":8}}]},"5":{"line":127,"type":"if","locations":[{"start":{"line":127,"column":8},"end":{"line":127,"column":8}},{"start":{"line":127,"column":8},"end":{"line":127,"column":8}}]}}}}