{"contracts/mock/MockNotSameStorage.sol":{"l":{"12":1,"19":1,"26":1,"33":1,"40":1,"47":1,"54":1,"61":1},"path":"/Users/aler/crypto/musereum/musereum-contracts/contracts/mock/MockNotSameStorage.sol","s":{"1":1},"b":{},"f":{"1":1,"2":1,"3":1,"4":1,"5":1,"6":1,"7":1,"8":1},"fnMap":{"1":{"name":"MockNotSameStorage","line":11,"loc":{"start":{"line":11,"column":2},"end":{"line":11,"column":57}}},"2":{"name":"setUint","line":18,"loc":{"start":{"line":18,"column":2},"end":{"line":18,"column":52}}},"3":{"name":"setAddress","line":25,"loc":{"start":{"line":25,"column":2},"end":{"line":25,"column":58}}},"4":{"name":"setBytes","line":32,"loc":{"start":{"line":32,"column":2},"end":{"line":32,"column":56}}},"5":{"name":"setBool","line":39,"loc":{"start":{"line":39,"column":2},"end":{"line":39,"column":52}}},"6":{"name":"setInt","line":46,"loc":{"start":{"line":46,"column":2},"end":{"line":46,"column":50}}},"7":{"name":"setString","line":53,"loc":{"start":{"line":53,"column":2},"end":{"line":53,"column":56}}},"8":{"name":"setBuffer","line":60,"loc":{"start":{"line":60,"column":2},"end":{"line":60,"column":55}}}},"statementMap":{"1":{"start":{"line":12,"column":4},"end":{"line":12,"column":43}}},"branchMap":{}},"contracts/store/ExternalStorage.sol":{"l":{"33":1,"39":2,"45":1,"51":2,"57":2,"63":1,"69":1,"82":2,"83":1,"86":1,"87":1,"94":2,"95":1,"97":1,"98":1,"105":2,"106":1,"108":1,"109":1,"116":2,"117":1,"119":1,"120":1,"127":2,"128":1,"130":1,"131":1,"138":2,"139":2,"140":2,"141":1,"144":1,"145":1,"152":2,"153":2,"154":2,"155":1,"158":1,"159":1},"path":"/Users/aler/crypto/musereum/musereum-contracts/contracts/store/ExternalStorage.sol","s":{"1":1,"2":2,"3":1,"4":2,"5":2,"6":1,"7":1,"8":2,"9":1,"10":1,"11":1,"12":2,"13":1,"14":1,"15":1,"16":2,"17":1,"18":1,"19":1,"20":2,"21":1,"22":1,"23":1,"24":2,"25":1,"26":1,"27":1,"28":2,"29":2,"30":2,"31":1,"32":1,"33":1,"34":2,"35":2,"36":2,"37":1,"38":1,"39":1},"b":{"1":[1,1],"2":[1,1],"3":[1,1],"4":[1,1],"5":[1,1],"6":[1,1],"7":[1,1]},"f":{"1":1,"2":2,"3":1,"4":2,"5":2,"6":1,"7":1,"8":2,"9":2,"10":2,"11":2,"12":2,"13":2,"14":2},"fnMap":{"1":{"name":"getAddress","line":32,"loc":{"start":{"line":32,"column":2},"end":{"line":32,"column":69}}},"2":{"name":"getUint","line":38,"loc":{"start":{"line":38,"column":2},"end":{"line":38,"column":63}}},"3":{"name":"getBytes","line":44,"loc":{"start":{"line":44,"column":2},"end":{"line":44,"column":67}}},"4":{"name":"getBool","line":50,"loc":{"start":{"line":50,"column":2},"end":{"line":50,"column":63}}},"5":{"name":"getInt","line":56,"loc":{"start":{"line":56,"column":2},"end":{"line":56,"column":61}}},"6":{"name":"getString","line":62,"loc":{"start":{"line":62,"column":2},"end":{"line":62,"column":67}}},"7":{"name":"getBuffer","line":68,"loc":{"start":{"line":68,"column":2},"end":{"line":68,"column":66}}},"8":{"name":"setAddress","line":81,"loc":{"start":{"line":81,"column":2},"end":{"line":81,"column":83}}},"9":{"name":"setUint","line":93,"loc":{"start":{"line":93,"column":2},"end":{"line":93,"column":77}}},"10":{"name":"setBytes","line":104,"loc":{"start":{"line":104,"column":2},"end":{"line":104,"column":81}}},"11":{"name":"setBool","line":115,"loc":{"start":{"line":115,"column":2},"end":{"line":115,"column":77}}},"12":{"name":"setInt","line":126,"loc":{"start":{"line":126,"column":2},"end":{"line":126,"column":75}}},"13":{"name":"setString","line":137,"loc":{"start":{"line":137,"column":2},"end":{"line":137,"column":81}}},"14":{"name":"setBuffer","line":151,"loc":{"start":{"line":151,"column":2},"end":{"line":151,"column":80}}}},"statementMap":{"1":{"start":{"line":33,"column":4},"end":{"line":33,"column":31}},"2":{"start":{"line":39,"column":4},"end":{"line":39,"column":28}},"3":{"start":{"line":45,"column":4},"end":{"line":45,"column":29}},"4":{"start":{"line":51,"column":4},"end":{"line":51,"column":28}},"5":{"start":{"line":57,"column":4},"end":{"line":57,"column":27}},"6":{"start":{"line":63,"column":4},"end":{"line":63,"column":30}},"7":{"start":{"line":69,"column":4},"end":{"line":69,"column":30}},"8":{"start":{"line":82,"column":4},"end":{"line":82,"column":3767}},"9":{"start":{"line":83,"column":6},"end":{"line":83,"column":18}},"10":{"start":{"line":86,"column":4},"end":{"line":86,"column":32}},"11":{"start":{"line":87,"column":4},"end":{"line":87,"column":15}},"12":{"start":{"line":94,"column":4},"end":{"line":94,"column":4099}},"13":{"start":{"line":95,"column":6},"end":{"line":95,"column":18}},"14":{"start":{"line":97,"column":4},"end":{"line":97,"column":29}},"15":{"start":{"line":98,"column":4},"end":{"line":98,"column":15}},"16":{"start":{"line":105,"column":4},"end":{"line":105,"column":4428}},"17":{"start":{"line":106,"column":6},"end":{"line":106,"column":18}},"18":{"start":{"line":108,"column":4},"end":{"line":108,"column":30}},"19":{"start":{"line":109,"column":4},"end":{"line":109,"column":15}},"20":{"start":{"line":116,"column":4},"end":{"line":116,"column":4755}},"21":{"start":{"line":117,"column":6},"end":{"line":117,"column":18}},"22":{"start":{"line":119,"column":4},"end":{"line":119,"column":29}},"23":{"start":{"line":120,"column":4},"end":{"line":120,"column":15}},"24":{"start":{"line":127,"column":4},"end":{"line":127,"column":5078}},"25":{"start":{"line":128,"column":6},"end":{"line":128,"column":18}},"26":{"start":{"line":130,"column":4},"end":{"line":130,"column":28}},"27":{"start":{"line":131,"column":4},"end":{"line":131,"column":15}},"28":{"start":{"line":138,"column":4},"end":{"line":138,"column":49}},"29":{"start":{"line":139,"column":4},"end":{"line":139,"column":62}},"30":{"start":{"line":140,"column":4},"end":{"line":140,"column":5522}},"31":{"start":{"line":141,"column":6},"end":{"line":141,"column":18}},"32":{"start":{"line":144,"column":4},"end":{"line":144,"column":31}},"33":{"start":{"line":145,"column":4},"end":{"line":145,"column":15}},"34":{"start":{"line":152,"column":4},"end":{"line":152,"column":49}},"35":{"start":{"line":153,"column":4},"end":{"line":153,"column":62}},"36":{"start":{"line":154,"column":4},"end":{"line":154,"column":5976}},"37":{"start":{"line":155,"column":6},"end":{"line":155,"column":18}},"38":{"start":{"line":158,"column":4},"end":{"line":158,"column":31}},"39":{"start":{"line":159,"column":4},"end":{"line":159,"column":15}}},"branchMap":{"1":{"line":82,"type":"if","locations":[{"start":{"line":82,"column":4},"end":{"line":82,"column":4}},{"start":{"line":82,"column":4},"end":{"line":82,"column":4}}]},"2":{"line":94,"type":"if","locations":[{"start":{"line":94,"column":4},"end":{"line":94,"column":4}},{"start":{"line":94,"column":4},"end":{"line":94,"column":4}}]},"3":{"line":105,"type":"if","locations":[{"start":{"line":105,"column":4},"end":{"line":105,"column":4}},{"start":{"line":105,"column":4},"end":{"line":105,"column":4}}]},"4":{"line":116,"type":"if","locations":[{"start":{"line":116,"column":4},"end":{"line":116,"column":4}},{"start":{"line":116,"column":4},"end":{"line":116,"column":4}}]},"5":{"line":127,"type":"if","locations":[{"start":{"line":127,"column":4},"end":{"line":127,"column":4}},{"start":{"line":127,"column":4},"end":{"line":127,"column":4}}]},"6":{"line":140,"type":"if","locations":[{"start":{"line":140,"column":4},"end":{"line":140,"column":4}},{"start":{"line":140,"column":4},"end":{"line":140,"column":4}}]},"7":{"line":154,"type":"if","locations":[{"start":{"line":154,"column":4},"end":{"line":154,"column":4}},{"start":{"line":154,"column":4},"end":{"line":154,"column":4}}]}}},"contracts/store/NotSameStorage.sol":{"l":{"18":1,"25":1,"32":1,"39":1,"46":1,"53":1,"60":1},"path":"/Users/aler/crypto/musereum/musereum-contracts/contracts/store/NotSameStorage.sol","s":{"1":1,"2":1,"3":1,"4":1,"5":1,"6":1,"7":1},"b":{"1":[0,1],"2":[0,1],"3":[0,1],"4":[0,1],"5":[0,1],"6":[0,1],"7":[0,1]},"f":{"1":1,"2":1,"3":1,"4":1,"5":1,"6":1,"7":1},"fnMap":{"1":{"name":"setAnotherUint","line":17,"loc":{"start":{"line":17,"column":2},"end":{"line":17,"column":89}}},"2":{"name":"setAnotherAddress","line":24,"loc":{"start":{"line":24,"column":2},"end":{"line":24,"column":95}}},"3":{"name":"setAnotherBytes","line":31,"loc":{"start":{"line":31,"column":2},"end":{"line":31,"column":93}}},"4":{"name":"setAnotherBool","line":38,"loc":{"start":{"line":38,"column":2},"end":{"line":38,"column":89}}},"5":{"name":"setAnotherInt","line":45,"loc":{"start":{"line":45,"column":2},"end":{"line":45,"column":87}}},"6":{"name":"setAnotherString","line":52,"loc":{"start":{"line":52,"column":2},"end":{"line":52,"column":93}}},"7":{"name":"setAnotherBuffer","line":59,"loc":{"start":{"line":59,"column":2},"end":{"line":59,"column":92}}}},"statementMap":{"1":{"start":{"line":18,"column":4},"end":{"line":18,"column":47}},"2":{"start":{"line":25,"column":4},"end":{"line":25,"column":50}},"3":{"start":{"line":32,"column":4},"end":{"line":32,"column":48}},"4":{"start":{"line":39,"column":4},"end":{"line":39,"column":47}},"5":{"start":{"line":46,"column":4},"end":{"line":46,"column":46}},"6":{"start":{"line":53,"column":4},"end":{"line":53,"column":49}},"7":{"start":{"line":60,"column":4},"end":{"line":60,"column":49}}},"branchMap":{"1":{"line":18,"type":"if","locations":[{"start":{"line":18,"column":4},"end":{"line":18,"column":4}},{"start":{"line":18,"column":4},"end":{"line":18,"column":4}}]},"2":{"line":25,"type":"if","locations":[{"start":{"line":25,"column":4},"end":{"line":25,"column":4}},{"start":{"line":25,"column":4},"end":{"line":25,"column":4}}]},"3":{"line":32,"type":"if","locations":[{"start":{"line":32,"column":4},"end":{"line":32,"column":4}},{"start":{"line":32,"column":4},"end":{"line":32,"column":4}}]},"4":{"line":39,"type":"if","locations":[{"start":{"line":39,"column":4},"end":{"line":39,"column":4}},{"start":{"line":39,"column":4},"end":{"line":39,"column":4}}]},"5":{"line":46,"type":"if","locations":[{"start":{"line":46,"column":4},"end":{"line":46,"column":4}},{"start":{"line":46,"column":4},"end":{"line":46,"column":4}}]},"6":{"line":53,"type":"if","locations":[{"start":{"line":53,"column":4},"end":{"line":53,"column":4}},{"start":{"line":53,"column":4},"end":{"line":53,"column":4}}]},"7":{"line":60,"type":"if","locations":[{"start":{"line":60,"column":4},"end":{"line":60,"column":4}},{"start":{"line":60,"column":4},"end":{"line":60,"column":4}}]}}}}