TN:
SF:/Users/aler/crypto/musereum/musereum-contracts/contracts/mock/MockNotSameStorage.sol
FN:11,MockNotSameStorage
FN:18,setUint
FN:25,setAddress
FN:32,setBytes
FN:39,setBool
FN:46,setInt
FN:53,setString
FN:60,setBuffer
FNF:8
FNH:8
FNDA:1,MockNotSameStorage
FNDA:1,setUint
FNDA:1,setAddress
FNDA:1,setBytes
FNDA:1,setBool
FNDA:1,setInt
FNDA:1,setString
FNDA:1,setBuffer
DA:12,1
DA:19,1
DA:26,1
DA:33,1
DA:40,1
DA:47,1
DA:54,1
DA:61,1
LF:8
LH:8
BRF:0
BRH:0
end_of_record
TN:
SF:/Users/aler/crypto/musereum/musereum-contracts/contracts/store/ExternalStorage.sol
FN:32,getAddress
FN:38,getUint
FN:44,getBytes
FN:50,getBool
FN:56,getInt
FN:62,getString
FN:68,getBuffer
FN:81,setAddress
FN:93,setUint
FN:104,setBytes
FN:115,setBool
FN:126,setInt
FN:137,setString
FN:151,setBuffer
FNF:14
FNH:14
FNDA:1,getAddress
FNDA:2,getUint
FNDA:1,getBytes
FNDA:2,getBool
FNDA:2,getInt
FNDA:1,getString
FNDA:1,getBuffer
FNDA:2,setAddress
FNDA:2,setUint
FNDA:2,setBytes
FNDA:2,setBool
FNDA:2,setInt
FNDA:2,setString
FNDA:2,setBuffer
DA:33,1
DA:39,2
DA:45,1
DA:51,2
DA:57,2
DA:63,1
DA:69,1
DA:82,2
DA:83,1
DA:86,1
DA:87,1
DA:94,2
DA:95,1
DA:97,1
DA:98,1
DA:105,2
DA:106,1
DA:108,1
DA:109,1
DA:116,2
DA:117,1
DA:119,1
DA:120,1
DA:127,2
DA:128,1
DA:130,1
DA:131,1
DA:138,2
DA:139,2
DA:140,2
DA:141,1
DA:144,1
DA:145,1
DA:152,2
DA:153,2
DA:154,2
DA:155,1
DA:158,1
DA:159,1
LF:39
LH:39
BRDA:82,1,0,1
BRDA:82,1,1,1
BRDA:94,2,0,1
BRDA:94,2,1,1
BRDA:105,3,0,1
BRDA:105,3,1,1
BRDA:116,4,0,1
BRDA:116,4,1,1
BRDA:127,5,0,1
BRDA:127,5,1,1
BRDA:140,6,0,1
BRDA:140,6,1,1
BRDA:154,7,0,1
BRDA:154,7,1,1
BRF:14
BRH:14
end_of_record
TN:
SF:/Users/aler/crypto/musereum/musereum-contracts/contracts/store/NotSameStorage.sol
FN:17,setAnotherUint
FN:24,setAnotherAddress
FN:31,setAnotherBytes
FN:38,setAnotherBool
FN:45,setAnotherInt
FN:52,setAnotherString
FN:59,setAnotherBuffer
FNF:7
FNH:7
FNDA:1,setAnotherUint
FNDA:1,setAnotherAddress
FNDA:1,setAnotherBytes
FNDA:1,setAnotherBool
FNDA:1,setAnotherInt
FNDA:1,setAnotherString
FNDA:1,setAnotherBuffer
DA:18,1
DA:25,1
DA:32,1
DA:39,1
DA:46,1
DA:53,1
DA:60,1
LF:7
LH:7
BRDA:18,1,0,0
BRDA:18,1,1,1
BRDA:25,2,0,0
BRDA:25,2,1,1
BRDA:32,3,0,0
BRDA:32,3,1,1
BRDA:39,4,0,0
BRDA:39,4,1,1
BRDA:46,5,0,0
BRDA:46,5,1,1
BRDA:53,6,0,0
BRDA:53,6,1,1
BRDA:60,7,0,0
BRDA:60,7,1,1
BRF:14
BRH:7
end_of_record
