TN:
SF:/Users/aler/crypto/musereum/musereum-contracts/contracts/store/ExternalStorage.sol
FN:32,getAddress
FN:38,getUint
FN:44,getBytes
FN:50,getBool
FN:56,getInt
FN:62,getString
FN:68,getBuffer
FN:81,setAddress
FN:93,setUint
FN:104,setBytes
FN:115,setBool
FN:126,setInt
FN:137,setString
FN:145,setBuffer
FNF:14
FNH:10
FNDA:0,getAddress
FNDA:2,getUint
FNDA:0,getBytes
FNDA:2,getBool
FNDA:2,getInt
FNDA:1,getString
FNDA:1,getBuffer
FNDA:0,setAddress
FNDA:1,setUint
FNDA:0,setBytes
FNDA:1,setBool
FNDA:1,setInt
FNDA:1,setString
FNDA:1,setBuffer
DA:33,0
DA:39,2
DA:45,0
DA:51,2
DA:57,2
DA:63,1
DA:69,1
DA:82,0
DA:83,0
DA:86,0
DA:87,0
DA:94,1
DA:95,0
DA:97,1
DA:98,1
DA:105,0
DA:106,0
DA:108,0
DA:109,0
DA:116,1
DA:117,0
DA:119,1
DA:120,1
DA:127,1
DA:128,0
DA:130,1
DA:131,1
DA:138,1
DA:139,1
DA:146,1
DA:147,1
LF:31
LH:18
BRDA:82,1,0,0
BRDA:82,1,1,0
BRDA:94,2,0,0
BRDA:94,2,1,1
BRDA:105,3,0,0
BRDA:105,3,1,0
BRDA:116,4,0,0
BRDA:116,4,1,1
BRDA:127,5,0,0
BRDA:127,5,1,1
BRF:10
BRH:3
end_of_record
